INFO: [VRFC 10-163] Analyzing VHDL file "C:/Users/boldu/Documents/S4/APP4/Lab1/mips32_labo1_unicycle/mips32_labo1_unicycle.srcs/sources_1/imports/MIPS32_package_labo1.vhd" into library xil_defaultlib
INFO: [VRFC 10-163] Analyzing VHDL file "C:/Users/boldu/Documents/S4/APP4/Lab1/mips32_labo1_unicycle/mips32_labo1_unicycle.srcs/sources_1/imports/alu.vhd" into library xil_defaultlib
INFO: [VRFC 10-3107] analyzing entity 'alu'
INFO: [VRFC 10-163] Analyzing VHDL file "C:/Users/boldu/Documents/S4/APP4/Lab1/mips32_labo1_unicycle/mips32_labo1_unicycle.srcs/sources_1/imports/controleur_labo1.vhd" into library xil_defaultlib
INFO: [VRFC 10-3107] analyzing entity 'controleur'
INFO: [VRFC 10-163] Analyzing VHDL file "C:/Users/boldu/Documents/S4/APP4/Lab1/mips32_labo1_unicycle/mips32_labo1_unicycle.srcs/sources_1/imports/MemInstructions.vhd" into library xil_defaultlib
INFO: [VRFC 10-3107] analyzing entity 'MemInstructions'
INFO: [VRFC 10-163] Analyzing VHDL file "C:/Users/boldu/Documents/S4/APP4/Lab1/mips32_labo1_unicycle/mips32_labo1_unicycle.srcs/sources_1/imports/registres_labo1.vhd" into library xil_defaultlib
INFO: [VRFC 10-3107] analyzing entity 'BancRegistres'
INFO: [VRFC 10-163] Analyzing VHDL file "C:/Users/boldu/Documents/S4/APP4/Lab1/mips32_labo1_unicycle/mips32_labo1_unicycle.srcs/sources_1/imports/mips_datapath_labo1.vhd" into library xil_defaultlib
INFO: [VRFC 10-3107] analyzing entity 'mips_datapath_unicycle'
INFO: [VRFC 10-163] Analyzing VHDL file "C:/Users/boldu/Documents/S4/APP4/Lab1/mips32_labo1_unicycle/mips32_labo1_unicycle.srcs/sources_1/imports/mips_unicycle_top_labo1.vhd" into library xil_defaultlib
INFO: [VRFC 10-3107] analyzing entity 'mips_unicycle_top'
INFO: [VRFC 10-163] Analyzing VHDL file "C:/Users/boldu/Documents/S4/APP4/Lab1/mips32_labo1_unicycle/mips32_labo1_unicycle.srcs/sources_1/new/MUX.vhd" into library xil_defaultlib
INFO: [VRFC 10-3107] analyzing entity 'MUX'
INFO: [VRFC 10-163] Analyzing VHDL file "C:/Users/boldu/Documents/S4/APP4/Lab1/mips32_labo1_unicycle/mips32_labo1_unicycle.srcs/sources_1/new/SignExtender.vhd" into library xil_defaultlib
INFO: [VRFC 10-3107] analyzing entity 'SignExtender'
INFO: [VRFC 10-163] Analyzing VHDL file "C:/Users/boldu/Documents/S4/APP4/Lab1/mips32_labo1_unicycle/mips32_labo1_unicycle.srcs/sim_1/imports/verif/mips_unicycle_tb.vhd" into library xil_defaultlib
INFO: [VRFC 10-3107] analyzing entity 'mips_unicycle_tb'
INFO: [VRFC 10-163] Analyzing VHDL file "C:/Users/boldu/Documents/S4/APP4/Lab1/mips32_labo1_unicycle/mips32_labo1_unicycle.srcs/sim_1/imports/verif/monitor_unicycle.vhd" into library xil_defaultlib
INFO: [VRFC 10-3107] analyzing entity 'monitor_unicycle'
